<Links>
  <Link source="!ed/4A99/59EE/B28/46A5B3D7/6CB3" target="CC_HLR_CCB_01"/>
  <Link source="!ed/4A99/59EE/B28/46A5B3D7/6CB3" target="CC_HLR_CDC_01"/>
  <Link source="!ed/4A9A/59EE/B28/46A5B3D7/1225" target="CC_HLR_CCB_02"/>
  <Link source="!ed/4A9C/59EE/B28/46A5B3D7/1E95" target="CC_HLR_CCB_03"/>
  <Link source="!ed/5014/70B4/6234/627bafe02b8a" target="CC_HLR_CCB_04"/>
  <Link source="!ed/5014/70B4/6234/627bafe02b8a" target="CC_HLR_CCB_07"/>
  <Link source="!ed/5014/70B4/6234/627bafe02b8a" target="CC_HLR_PPD_02"/>
  <Link source="!ed/10764/79DD/245C/627bd3af7a59" target="CC_HLR_CCB_04"/>
  <Link source="!ed/10764/79DD/245C/627bd3af7a59" target="CC_HLR_CCB_05"/>
  <Link source="!ed/10764/79DD/245C/627bd3af7a59" target="CC_HLR_CCB_06"/>
  <Link source="!ed/4ff9/70B4/6234/627bafe04d48" target="CC_HLR_CCB_04"/>
  <Link source="!ed/4ff9/70B4/6234/627bafe04d48" target="CC_HLR_CDC_02"/>
  <Link source="!ed/5004/70B4/6234/627bafe02a00" target="CC_HLR_CCB_05"/>
  <Link source="!ed/5005/70B4/6234/627bafe0640" target="CC_HLR_CCB_05"/>
  <Link source="!ed/5005/70B4/6234/627bafe0640" target="CC_HLR_CDC_01"/>
  <Link source="!ed/5009/70B4/6234/627bafe068d" target="CC_HLR_CCB_06"/>
  <Link source="!ed/5015/70B4/6234/627bafe06030" target="CC_HLR_CCB_07"/>
  <Link source="!ed/5015/70B4/6234/627bafe06030" target="CC_HLR_CDC_01"/>
  <Link source="!ed/5019/70B4/6234/627bafe06040" target="CC_HLR_CCB_08"/>
  <Link source="!ed/4ff7/70B4/6234/627bafe01dfc" target="CC_HLR_CCB_08"/>
  <Link source="!ed/110a2/79DD/245C/627be537244f" target="CC_HLR_CDC_03"/>
  <Link source="!ed/10e89/79DD/245C/627be35029e6" target="CC_HLR_CDC_04"/>
  <Link source="!ed/110a1/79DD/245C/627be4de46d9" target="CC_HLR_CDC_05"/>
  <Link source="!ed/4A9B/59EE/B28/46A5B3D7/6EFE" target="CC_HLR_CSM_01"/>
  <Link source="!ed/10836/79DD/245C/627bd8de3a86" target="CC_HLR_CSM_02"/>
  <Link source="!ed/10837/79DD/245C/627bd9076475" target="CC_HLR_CSM_03"/>
  <Link source="!ed/10838/79DD/245C/627bd92b77c5" target="CC_HLR_CSM_04"/>
  <Link source="!ed/10839/79DD/245C/627bd9573ec9" target="CC_HLR_CSM_05"/>
  <Link source="!ed/1084c/79DD/245C/627bdb65766d" target="CC_HLR_CSM_06"/>
  <Link source="!ed/10737/79DD/245C/627bccac77e4" target="CC_HLR_PPD_01"/>
</Links>
